SF:lib\event_model.dart
DA:7,2
DA:34,1
DA:36,1
DA:39,2
DA:41,8
DA:44,1
DA:45,2
LF:7
LH:7
end_of_record
SF:lib\add_event_page.dart
DA:11,2
DA:16,2
DA:22,2
DA:23,2
DA:36,2
DA:38,2
DA:39,4
DA:41,2
DA:42,6
DA:43,8
DA:44,2
DA:47,5
DA:48,2
DA:49,2
DA:50,2
DA:51,3
DA:52,3
DA:53,1
DA:57,1
DA:58,2
DA:59,2
DA:62,1
DA:63,1
DA:65,1
DA:67,2
DA:70,2
DA:72,9
DA:76,2
DA:78,9
DA:82,1
DA:91,1
DA:92,4
DA:93,2
DA:97,1
DA:98,2
DA:101,9
DA:102,2
DA:103,1
DA:105,1
DA:112,9
DA:113,2
DA:114,1
DA:116,1
DA:127,1
DA:130,2
DA:131,2
DA:135,1
DA:136,4
DA:138,5
DA:139,5
DA:140,4
DA:141,3
DA:142,2
DA:145,2
DA:147,2
DA:148,0
DA:149,2
DA:150,2
DA:153,2
DA:155,2
DA:156,2
DA:163,2
DA:165,2
DA:166,2
DA:173,2
DA:175,2
DA:176,2
DA:183,2
DA:184,2
DA:185,1
DA:186,2
DA:187,1
DA:203,2
DA:205,2
DA:206,4
DA:207,2
DA:209,2
DA:210,2
DA:211,2
DA:212,2
DA:213,2
DA:214,8
DA:215,1
DA:216,1
DA:219,2
DA:220,2
DA:221,8
DA:222,1
DA:223,1
DA:230,2
DA:231,2
DA:232,2
DA:233,8
DA:234,1
DA:235,1
DA:238,2
DA:239,2
DA:240,8
DA:241,1
DA:242,1
DA:255,2
DA:257,2
DA:261,2
DA:271,2
DA:273,2
DA:274,6
DA:275,2
DA:276,2
DA:282,2
DA:283,4
DA:291,2
DA:293,4
DA:294,4
DA:295,2
DA:299,2
DA:300,2
DA:302,12
LF:117
LH:116
end_of_record
SF:lib\calendar_page.dart
DA:10,1
DA:12,1
DA:13,1
DA:27,1
DA:29,1
DA:30,1
DA:31,2
DA:32,2
DA:36,1
DA:37,5
DA:41,1
DA:42,1
DA:43,1
DA:44,25
DA:46,1
DA:50,1
DA:51,2
DA:52,1
DA:53,1
DA:54,2
DA:59,1
DA:60,1
DA:61,1
DA:63,1
DA:64,1
DA:66,2
DA:67,1
DA:68,1
DA:70,1
DA:71,3
DA:72,2
DA:73,2
DA:76,1
DA:78,1
DA:79,2
DA:88,1
DA:90,1
DA:92,3
DA:93,1
DA:94,1
DA:97,1
DA:98,1
DA:99,1
DA:100,1
DA:101,1
DA:102,1
DA:103,1
DA:104,2
DA:106,1
DA:107,0
DA:108,0
DA:112,1
DA:113,1
DA:124,1
DA:125,1
DA:127,2
DA:128,1
DA:129,1
DA:130,1
DA:132,4
DA:133,5
DA:134,1
DA:135,1
DA:136,9
DA:137,1
DA:140,1
DA:141,1
DA:142,5
DA:143,2
DA:146,3
DA:147,1
DA:148,5
DA:149,2
DA:153,1
DA:155,1
DA:156,1
DA:157,5
DA:159,2
DA:161,1
DA:162,5
DA:164,2
DA:168,4
DA:169,3
DA:171,1
DA:172,11
DA:174,5
DA:175,1
DA:176,1
DA:177,4
DA:178,1
DA:180,1
DA:181,1
DA:183,1
DA:184,1
DA:185,1
DA:186,1
DA:187,2
DA:188,1
DA:189,3
DA:190,2
DA:194,4
DA:197,1
DA:199,1
DA:200,7
DA:207,1
DA:208,2
DA:209,3
DA:210,2
DA:211,2
DA:213,2
DA:224,1
DA:226,1
DA:227,1
DA:228,1
DA:229,1
DA:230,2
DA:231,1
DA:232,2
DA:236,4
LF:119
LH:117
end_of_record
