SF:lib\add_event_page.dart
DA:11,1
DA:16,1
DA:22,1
DA:23,1
DA:36,1
DA:38,1
DA:39,2
DA:41,1
DA:42,3
DA:43,4
DA:44,1
DA:47,5
DA:48,2
DA:49,2
DA:50,2
DA:51,3
DA:52,3
DA:53,1
DA:57,0
DA:58,0
DA:59,0
DA:62,0
DA:63,0
DA:65,0
DA:67,0
DA:70,0
DA:72,0
DA:76,0
DA:77,0
DA:81,0
DA:90,0
DA:91,0
DA:92,0
DA:96,0
DA:97,0
DA:100,0
DA:101,0
DA:102,0
DA:104,0
DA:111,0
DA:112,0
DA:113,0
DA:115,0
DA:126,0
DA:127,0
DA:129,0
DA:134,1
DA:137,2
DA:138,2
DA:142,0
DA:143,0
DA:145,5
DA:146,5
DA:147,4
DA:148,3
DA:149,2
DA:152,1
DA:154,1
DA:155,0
DA:156,1
DA:157,1
DA:160,1
DA:162,1
DA:163,1
DA:170,1
DA:172,1
DA:173,1
DA:180,1
DA:182,1
DA:183,1
DA:190,1
DA:191,1
DA:192,0
DA:193,0
DA:194,0
DA:210,1
DA:212,1
DA:213,2
DA:214,1
DA:216,1
DA:217,1
DA:218,1
DA:219,1
DA:220,1
DA:221,4
DA:222,0
DA:223,0
DA:226,1
DA:227,1
DA:228,4
DA:229,0
DA:230,0
DA:237,1
DA:238,1
DA:239,1
DA:240,4
DA:241,0
DA:242,0
DA:245,1
DA:246,1
DA:247,4
DA:248,0
DA:249,0
DA:262,1
DA:264,1
DA:268,1
DA:278,1
DA:280,1
DA:281,3
DA:282,1
DA:283,1
DA:289,1
DA:290,2
DA:298,1
DA:300,2
DA:301,2
DA:302,1
LF:117
LH:75
end_of_record
SF:lib\calendar_page.dart
DA:12,1
DA:14,1
DA:15,1
DA:29,1
DA:31,1
DA:33,1
DA:34,2
DA:35,2
DA:38,1
DA:40,5
DA:42,0
DA:47,0
DA:51,1
DA:52,1
DA:53,1
DA:54,25
DA:56,1
DA:59,1
DA:60,2
DA:61,1
DA:62,1
DA:63,2
DA:67,1
DA:68,1
DA:69,1
DA:71,1
DA:72,1
DA:74,2
DA:75,1
DA:76,1
DA:78,1
DA:79,3
DA:80,2
DA:81,2
DA:84,1
DA:86,0
DA:87,0
DA:96,1
DA:98,1
DA:100,3
DA:101,1
DA:102,1
DA:105,1
DA:106,1
DA:107,1
DA:108,1
DA:109,1
DA:110,1
DA:111,1
DA:112,2
DA:114,1
DA:115,0
DA:116,0
DA:120,1
DA:121,1
DA:132,1
DA:133,1
DA:135,2
DA:136,1
DA:137,1
DA:138,1
DA:139,4
DA:140,5
DA:141,1
DA:143,9
DA:144,0
DA:146,0
DA:147,0
DA:149,0
DA:152,1
DA:154,1
DA:155,1
DA:156,5
DA:160,1
DA:161,5
DA:167,4
DA:168,3
DA:170,1
DA:171,11
DA:173,5
DA:174,1
DA:175,1
DA:176,4
DA:177,1
DA:179,1
DA:180,1
DA:182,1
DA:183,1
DA:184,1
DA:185,1
DA:186,2
DA:187,1
DA:188,3
DA:189,2
DA:193,4
DA:196,1
DA:198,1
DA:199,7
DA:206,1
DA:207,2
DA:208,3
DA:209,2
DA:210,0
DA:212,2
DA:223,1
DA:225,1
DA:226,1
DA:227,1
DA:228,1
DA:229,2
DA:230,1
DA:231,2
DA:235,1
LF:113
LH:102
end_of_record
SF:lib\event_model.dart
DA:7,1
DA:34,0
DA:36,0
DA:39,1
DA:41,4
DA:44,0
DA:45,0
LF:7
LH:3
end_of_record
SF:lib\event_model.g.dart
DA:13,1
DA:15,1
DA:16,1
DA:17,5
DA:19,1
DA:20,1
DA:21,1
DA:22,1
DA:23,1
DA:24,1
DA:25,1
DA:29,1
DA:32,1
DA:33,1
DA:34,2
DA:35,1
DA:36,2
DA:37,1
DA:38,2
DA:39,1
DA:40,2
DA:41,1
DA:42,2
DA:43,1
DA:44,2
DA:47,0
DA:48,0
DA:50,0
DA:53,0
DA:54,0
DA:55,0
LF:31
LH:25
end_of_record
